{"/Users/furukawatoshiaki/projects/Developments/myapp/課題10/jestSample/functions.ts": {"path":"/Users/furukawatoshiaki/projects/Developments/myapp/課題10/jestSample/functions.ts","statementMap":{"0":{"start":{"line":6,"column":17},"end":{"line":6,"column":38}},"1":{"start":{"line":8,"column":13},"end":{"line":10,"column":null}},"2":{"start":{"line":9,"column":2},"end":{"line":9,"column":null}},"3":{"start":{"line":12,"column":13},"end":{"line":14,"column":2}},"4":{"start":{"line":13,"column":2},"end":{"line":13,"column":68}},"5":{"start":{"line":13,"column":58},"end":{"line":13,"column":65}},"6":{"start":{"line":16,"column":13},"end":{"line":20,"column":2}},"7":{"start":{"line":17,"column":2},"end":{"line":19,"column":5}},"8":{"start":{"line":18,"column":4},"end":{"line":18,"column":33}},"9":{"start":{"line":22,"column":13},"end":{"line":33,"column":2}},"10":{"start":{"line":25,"column":2},"end":{"line":32,"column":5}},"11":{"start":{"line":26,"column":4},"end":{"line":31,"column":null}},"12":{"start":{"line":27,"column":6},"end":{"line":27,"column":29}},"13":{"start":{"line":28,"column":6},"end":{"line":28,"column":35}},"14":{"start":{"line":30,"column":6},"end":{"line":30,"column":17}},"15":{"start":{"line":35,"column":13},"end":{"line":44,"column":2}},"16":{"start":{"line":36,"column":55},"end":{"line":44,"column":2}},"17":{"start":{"line":38,"column":20},"end":{"line":38,"column":null}},"18":{"start":{"line":38,"column":8},"end":{"line":38,"column":null}},"19":{"start":{"line":40,"column":2},"end":{"line":42,"column":null}},"20":{"start":{"line":41,"column":4},"end":{"line":41,"column":43}},"21":{"start":{"line":43,"column":2},"end":{"line":43,"column":19}},"22":{"start":{"line":47,"column":13},"end":{"line":53,"column":null}},"23":{"start":{"line":48,"column":2},"end":{"line":52,"column":null}},"24":{"start":{"line":49,"column":4},"end":{"line":49,"column":69}},"25":{"start":{"line":51,"column":4},"end":{"line":51,"column":20}},"26":{"start":{"line":55,"column":13},"end":{"line":66,"column":null}},"27":{"start":{"line":57,"column":2},"end":{"line":57,"column":34}},"28":{"start":{"line":57,"column":19},"end":{"line":57,"column":34}},"29":{"start":{"line":59,"column":13},"end":{"line":59,"column":40}},"30":{"start":{"line":60,"column":16},"end":{"line":60,"column":69}},"31":{"start":{"line":62,"column":10},"end":{"line":62,"column":14}},"32":{"start":{"line":63,"column":10},"end":{"line":63,"column":51}},"33":{"start":{"line":65,"column":2},"end":{"line":65,"column":57}},"34":{"start":{"line":68,"column":13},"end":{"line":78,"column":2}},"35":{"start":{"line":69,"column":51},"end":{"line":78,"column":2}},"36":{"start":{"line":71,"column":18},"end":{"line":71,"column":null}},"37":{"start":{"line":71,"column":8},"end":{"line":71,"column":null}},"38":{"start":{"line":73,"column":2},"end":{"line":77,"column":null}},"39":{"start":{"line":74,"column":4},"end":{"line":74,"column":25}},"40":{"start":{"line":76,"column":4},"end":{"line":76,"column":43}}},"fnMap":{"0":{"name":"(anonymous_13)","decl":{"start":{"line":8,"column":19},"end":{"line":8,"column":20}},"loc":{"start":{"line":8,"column":29},"end":{"line":10,"column":1}}},"1":{"name":"(anonymous_14)","decl":{"start":{"line":12,"column":26},"end":{"line":12,"column":27}},"loc":{"start":{"line":12,"column":44},"end":{"line":14,"column":1}}},"2":{"name":"(anonymous_15)","decl":{"start":{"line":13,"column":24},"end":{"line":13,"column":25}},"loc":{"start":{"line":13,"column":45},"end":{"line":13,"column":59}}},"3":{"name":"(anonymous_16)","decl":{"start":{"line":16,"column":31},"end":{"line":16,"column":32}},"loc":{"start":{"line":16,"column":49},"end":{"line":20,"column":1}}},"4":{"name":"(anonymous_17)","decl":{"start":{"line":17,"column":21},"end":{"line":17,"column":22}},"loc":{"start":{"line":17,"column":29},"end":{"line":19,"column":3}}},"5":{"name":"(anonymous_18)","decl":{"start":{"line":22,"column":44},"end":{"line":22,"column":null}},"loc":{"start":{"line":23,"column":43},"end":{"line":33,"column":1}}},"6":{"name":"(anonymous_19)","decl":{"start":{"line":25,"column":21},"end":{"line":25,"column":22}},"loc":{"start":{"line":25,"column":29},"end":{"line":32,"column":3}}},"7":{"name":"(anonymous_20)","decl":{"start":{"line":35,"column":39},"end":{"line":35,"column":null}},"loc":{"start":{"line":36,"column":55},"end":{"line":44,"column":2}}},"8":{"name":"(anonymous_21)","decl":{"start":{"line":36,"column":55},"end":{"line":36,"column":null}},"loc":{"start":{"line":36,"column":55},"end":{"line":44,"column":2}}},"9":{"name":"(anonymous_23)","decl":{"start":{"line":47,"column":26},"end":{"line":47,"column":27}},"loc":{"start":{"line":47,"column":59},"end":{"line":53,"column":1}}},"10":{"name":"(anonymous_24)","decl":{"start":{"line":55,"column":27},"end":{"line":55,"column":28}},"loc":{"start":{"line":55,"column":59},"end":{"line":66,"column":1}}},"11":{"name":"(anonymous_25)","decl":{"start":{"line":68,"column":31},"end":{"line":68,"column":null}},"loc":{"start":{"line":69,"column":51},"end":{"line":78,"column":2}}},"12":{"name":"(anonymous_26)","decl":{"start":{"line":69,"column":51},"end":{"line":69,"column":null}},"loc":{"start":{"line":69,"column":51},"end":{"line":78,"column":2}}}},"branchMap":{"0":{"loc":{"start":{"line":38,"column":20},"end":{"line":38,"column":null}},"type":"switch","locations":[{"start":{"line":38,"column":20},"end":{"line":38,"column":null}}]},"1":{"loc":{"start":{"line":40,"column":2},"end":{"line":42,"column":null}},"type":"if","locations":[{"start":{"line":40,"column":2},"end":{"line":42,"column":null}},{"start":{"line":40,"column":2},"end":{"line":42,"column":null}}]},"2":{"loc":{"start":{"line":57,"column":2},"end":{"line":57,"column":34}},"type":"if","locations":[{"start":{"line":57,"column":2},"end":{"line":57,"column":34}},{"start":{"line":57,"column":2},"end":{"line":57,"column":34}}]},"3":{"loc":{"start":{"line":59,"column":28},"end":{"line":59,"column":29}},"type":"cond-expr","locations":[{"start":{"line":59,"column":28},"end":{"line":59,"column":29}},{"start":{"line":59,"column":32},"end":{"line":59,"column":40}}]},"4":{"loc":{"start":{"line":71,"column":18},"end":{"line":71,"column":null}},"type":"switch","locations":[{"start":{"line":71,"column":18},"end":{"line":71,"column":null}}]},"5":{"loc":{"start":{"line":73,"column":2},"end":{"line":77,"column":null}},"type":"if","locations":[{"start":{"line":73,"column":2},"end":{"line":77,"column":null}},{"start":{"line":73,"column":2},"end":{"line":77,"column":null}}]}},"s":{"0":1,"1":1,"2":0,"3":1,"4":2,"5":0,"6":1,"7":1,"8":1,"9":1,"10":0,"11":0,"12":0,"13":0,"14":0,"15":1,"16":2,"17":2,"18":1,"19":1,"20":0,"21":1,"22":1,"23":1,"24":1,"25":0,"26":1,"27":1,"28":0,"29":1,"30":1,"31":1,"32":1,"33":1,"34":1,"35":1,"36":1,"37":1,"38":1,"39":0,"40":1},"f":{"0":0,"1":2,"2":0,"3":1,"4":1,"5":0,"6":0,"7":2,"8":2,"9":1,"10":1,"11":1,"12":1},"b":{"0":[2],"1":[0,1],"2":[0,1],"3":[0,1],"4":[1],"5":[0,1]}}
}
