TN:
SF:functions.ts
FN:8,(anonymous_13)
FN:12,(anonymous_14)
FN:13,(anonymous_15)
FN:16,(anonymous_16)
FN:17,(anonymous_17)
FN:22,(anonymous_18)
FN:25,(anonymous_19)
FN:35,(anonymous_20)
FN:36,(anonymous_21)
FN:47,(anonymous_23)
FN:55,(anonymous_24)
FN:68,(anonymous_25)
FN:69,(anonymous_26)
FNF:13
FNH:9
FNDA:0,(anonymous_13)
FNDA:2,(anonymous_14)
FNDA:0,(anonymous_15)
FNDA:1,(anonymous_16)
FNDA:1,(anonymous_17)
FNDA:0,(anonymous_18)
FNDA:0,(anonymous_19)
FNDA:2,(anonymous_20)
FNDA:2,(anonymous_21)
FNDA:1,(anonymous_23)
FNDA:1,(anonymous_24)
FNDA:1,(anonymous_25)
FNDA:1,(anonymous_26)
DA:6,1
DA:8,1
DA:9,0
DA:12,1
DA:13,2
DA:16,1
DA:17,1
DA:18,1
DA:22,1
DA:25,0
DA:26,0
DA:27,0
DA:28,0
DA:30,0
DA:35,1
DA:36,2
DA:38,2
DA:40,1
DA:41,0
DA:43,1
DA:47,1
DA:48,1
DA:49,1
DA:51,0
DA:55,1
DA:57,1
DA:59,1
DA:60,1
DA:62,1
DA:63,1
DA:65,1
DA:68,1
DA:69,1
DA:71,1
DA:73,1
DA:74,0
DA:76,1
LF:37
LH:28
BRDA:38,0,0,2
BRDA:40,1,0,0
BRDA:40,1,1,1
BRDA:57,2,0,0
BRDA:57,2,1,1
BRDA:59,3,0,0
BRDA:59,3,1,1
BRDA:71,4,0,1
BRDA:73,5,0,0
BRDA:73,5,1,1
BRF:10
BRH:6
end_of_record
